#
# There is insufficient memory for the Java Runtime Environment to continue.
# Native memory allocation (mmap) failed to map 260046848 bytes. Error detail: G1 virtual space
# Possible reasons:
#   The system is out of physical RAM or swap space
#   This process is running with CompressedOops enabled, and the Java Heap may be blocking the growth of the native heap
# Possible solutions:
#   Reduce memory load on the system
#   Increase physical memory or swap space
#   Check if swap backing store is full
#   Decrease Java heap size (-Xmx/-Xms)
#   Decrease number of Java threads
#   Decrease Java thread stack sizes (-Xss)
#   Set larger code cache with -XX:ReservedCodeCacheSize=
#   JVM is running with Zero Based Compressed Oops mode in which the Java heap is
#     placed in the first 32GB address space. The Java Heap base address is the
#     maximum limit for the native heap growth. Please use -XX:HeapBaseMinAddress
#     to set the Java Heap base and to place the Java Heap above 32GB virtual address.
# This output file may be truncated or incomplete.
#
#  Out of Memory Error (os_windows.cpp:3703), pid=36628, tid=9680
#
# JRE version:  (23.0.1+11) (build )
# Java VM: Java HotSpot(TM) 64-Bit Server VM (23.0.1+11-39, mixed mode, sharing, tiered, compressed oops, compressed class ptrs, g1 gc, windows-amd64)
# No core dump will be written. Minidumps are not enabled by default on client versions of Windows
#

---------------  S U M M A R Y ------------

Command Line: -Dfile.encoding=UTF-8 -Dstdout.encoding=UTF-8 -Dstderr.encoding=UTF-8 --module-path=C:\Users\minam\Documents\workspace-spring-tool-suite-4-4.27.0.RELEASE\conta\bin -XX:+ShowCodeDetailsInExceptionMessages -Djdk.module.main=conta conta/conta.Menu

Host: AMD Ryzen 5 4600G with Radeon Graphics, 12 cores, 15G,  Windows 11 , 64 bit Build 26100 (10.0.26100.3037)
Time: Wed Feb 19 23:22:15 2025 Hora oficial do Brasil elapsed time: 2.025999 seconds (0d 0h 0m 2s)

---------------  T H R E A D  ---------------

Current thread (0x0000024f0a6c0390):  JavaThread "Unknown thread" [_thread_in_vm, id=9680, stack(0x0000007613500000,0x0000007613600000) (1024K)]

Stack: [0x0000007613500000,0x0000007613600000]
Native frames: (J=compiled Java code, j=interpreted, Vv=VM code, C=native code)
V  [jvm.dll+0x6e08b9]  (no source info available)
V  [jvm.dll+0x87dc83]  (no source info available)
V  [jvm.dll+0x88010e]  (no source info available)
V  [jvm.dll+0x8807e3]  (no source info available)
V  [jvm.dll+0x27aee6]  (no source info available)
V  [jvm.dll+0x6dd1c5]  (no source info available)
V  [jvm.dll+0x6d104a]  (no source info available)
V  [jvm.dll+0x35b3ea]  (no source info available)
V  [jvm.dll+0x3637f6]  (no source info available)
V  [jvm.dll+0x34fd5e]  (no source info available)
V  [jvm.dll+0x34fff8]  (no source info available)
V  [jvm.dll+0x3289cc]  (no source info available)
V  [jvm.dll+0x32966e]  (no source info available)
V  [jvm.dll+0x844355]  (no source info available)
V  [jvm.dll+0x3b9848]  (no source info available)
V  [jvm.dll+0x82d14c]  (no source info available)
V  [jvm.dll+0x454d4e]  (no source info available)
V  [jvm.dll+0x456bd1]  (no source info available)
C  [jli.dll+0x52a3]  (no source info available)
C  [ucrtbase.dll+0x37b0]  (no source info available)
C  [KERNEL32.DLL+0x2e8d7]  (no source info available)
C  [ntdll.dll+0xbbf2c]  (no source info available)

Lock stack of current Java thread (top to bottom):


---------------  P R O C E S S  ---------------

Threads class SMR info:
_java_thread_list=0x00007ff9b0fb3618, length=0, elements={
}

Java Threads: ( => current thread )
Total: 0

Other Threads:
  0x0000024f0c2cf380 WorkerThread "GC Thread#0"                     [id=45792, stack(0x0000007613600000,0x0000007613700000) (1024K)]
  0x0000024f0c2e3710 ConcurrentGCThread "G1 Main Marker"            [id=3344, stack(0x0000007613700000,0x0000007613800000) (1024K)]
  0x0000024f0c2e57f0 WorkerThread "G1 Conc#0"                       [id=37776, stack(0x0000007613800000,0x0000007613900000) (1024K)]

[error occurred during error reporting (printing all threads), id 0xc0000005, EXCEPTION_ACCESS_VIOLATION (0xc0000005) at pc=0x00007ff9b06fbfba]
VM state: not at safepoint (not fully initialized)

VM Mutex/Monitor currently owned by a thread:  ([mutex/lock_event])
[0x00007ff9b1033a10] Heap_lock - owner thread: 0x0000024f0a6c0390

Heap address: 0x0000000709600000, size: 3946 MB, Compressed Oops mode: Zero based, Oop shift amount: 3

CDS archive(s) mapped at: [0x0000000000000000-0x0000000000000000-0x0000000000000000), size 0, SharedBaseAddress: 0x0000000800000000, ArchiveRelocationMode: 1.
Narrow klass base: 0x0000000000000000, Narrow klass shift: 0, Narrow klass range: 0x0

GC Precious Log:
 CardTable entry size: 512
 Card Set container configuration: InlinePtr #cards 4 size 8 Array Of Cards #cards 16 size 48 Howl #buckets 8 coarsen threshold 3686 Howl Bitmap #cards 512 size 80 coarsen threshold 460 Card regions per heap region 1 cards per card region 4096

Heap:
 garbage-first heap   total reserved 4040704K, committed 0K, used 0K [0x0000000709600000, 0x0000000800000000)
  region size 2048K, 0 young (0K), 0 survivors (0K)

[error occurred during error reporting (printing heap information), id 0xc0000005, EXCEPTION_ACCESS_VIOLATION (0xc0000005) at pc=0x00007ff9b0afc3c9]
GC Heap History (0 events):
No events

Dll operation events (1 events):
Event: 0.010 Loaded shared library C:\Program Files\Java\jdk-23\bin\java.dll

Deoptimization events (0 events):
No events

Classes loaded (0 events):
No events

Classes unloaded (0 events):
No events

Classes redefined (0 events):
No events

Internal exceptions (0 events):
No events

VM Operations (0 events):
No events

Memory protections (0 events):
No events

Nmethod flushes (0 events):
No events

Events (0 events):
No events


Dynamic libraries:
0x00007ff756570000 - 0x00007ff756580000 	C:\Program Files\Java\jdk-23\bin\javaw.exe
0x00007ffa42b40000 - 0x00007ffa42da3000 	C:\WINDOWS\SYSTEM32\ntdll.dll
0x00007ffa41bb0000 - 0x00007ffa41c77000 	C:\WINDOWS\System32\KERNEL32.DLL
0x00007ffa40210000 - 0x00007ffa405d7000 	C:\WINDOWS\System32\KERNELBASE.dll
0x00007ffa40830000 - 0x00007ffa4097c000 	C:\WINDOWS\System32\ucrtbase.dll
0x00007ffa274d0000 - 0x00007ffa274e7000 	C:\Program Files\Java\jdk-23\bin\jli.dll
0x00007ffa27750000 - 0x00007ffa2776b000 	C:\Program Files\Java\jdk-23\bin\VCRUNTIME140.dll
0x00007ffa42310000 - 0x00007ffa424d9000 	C:\WINDOWS\System32\USER32.dll
0x00007ffa28a50000 - 0x00007ffa28ce0000 	C:\WINDOWS\WinSxS\amd64_microsoft.windows.common-controls_6595b64144ccf1df_6.0.26100.3037_none_3e09262ce333c378\COMCTL32.dll
0x00007ffa40800000 - 0x00007ffa40827000 	C:\WINDOWS\System32\win32u.dll
0x00007ffa40980000 - 0x00007ffa40a29000 	C:\WINDOWS\System32\msvcrt.dll
0x00007ffa41980000 - 0x00007ffa419aa000 	C:\WINDOWS\System32\GDI32.dll
0x00007ffa3ff90000 - 0x00007ffa400bb000 	C:\WINDOWS\System32\gdi32full.dll
0x00007ffa3fee0000 - 0x00007ffa3ff83000 	C:\WINDOWS\System32\msvcp_win.dll
0x00007ffa41e00000 - 0x00007ffa41e2f000 	C:\WINDOWS\System32\IMM32.DLL
0x00007ffa27d80000 - 0x00007ffa27d8c000 	C:\Program Files\Java\jdk-23\bin\vcruntime140_1.dll
0x00007ff9d8f00000 - 0x00007ff9d8f8e000 	C:\Program Files\Java\jdk-23\bin\msvcp140.dll
0x00007ff9b03c0000 - 0x00007ff9b110f000 	C:\Program Files\Java\jdk-23\bin\server\jvm.dll
0x00007ffa42a40000 - 0x00007ffa42af4000 	C:\WINDOWS\System32\ADVAPI32.dll
0x00007ffa417f0000 - 0x00007ffa41896000 	C:\WINDOWS\System32\sechost.dll
0x00007ffa420f0000 - 0x00007ffa42206000 	C:\WINDOWS\System32\RPCRT4.dll
0x00007ffa41fe0000 - 0x00007ffa42054000 	C:\WINDOWS\System32\WS2_32.dll
0x00007ffa3fd90000 - 0x00007ffa3fdde000 	C:\WINDOWS\SYSTEM32\POWRPROF.dll
0x00007ffa36990000 - 0x00007ffa3699b000 	C:\WINDOWS\SYSTEM32\VERSION.dll
0x00007ffa33280000 - 0x00007ffa332b6000 	C:\WINDOWS\SYSTEM32\WINMM.dll
0x00007ffa3fd50000 - 0x00007ffa3fd64000 	C:\WINDOWS\SYSTEM32\UMPDC.dll
0x00007ffa3ecd0000 - 0x00007ffa3ecea000 	C:\WINDOWS\SYSTEM32\kernel.appcore.dll
0x00007ffa277b0000 - 0x00007ffa277ba000 	C:\Program Files\Java\jdk-23\bin\jimage.dll
0x00007ffa37580000 - 0x00007ffa377c1000 	C:\WINDOWS\SYSTEM32\DBGHELP.DLL
0x00007ffa424e0000 - 0x00007ffa4285e000 	C:\WINDOWS\System32\combase.dll
0x00007ffa418a0000 - 0x00007ffa41976000 	C:\WINDOWS\System32\OLEAUT32.dll
0x00007ffa2b840000 - 0x00007ffa2b879000 	C:\WINDOWS\SYSTEM32\dbgcore.DLL
0x00007ffa405e0000 - 0x00007ffa40679000 	C:\WINDOWS\System32\bcryptPrimitives.dll
0x00007ffa24370000 - 0x00007ffa2438e000 	C:\Program Files\Java\jdk-23\bin\java.dll
0x00007ffa41e40000 - 0x00007ffa41fd5000 	C:\WINDOWS\System32\ole32.dll
0x00007ffa40bf0000 - 0x00007ffa412f4000 	C:\WINDOWS\System32\SHELL32.dll

dbghelp: loaded successfully - version: 4.0.5 - missing functions: none
symbol engine: initialized successfully - sym options: 0x614 - pdb path: .;C:\Program Files\Java\jdk-23\bin;C:\WINDOWS\SYSTEM32;C:\WINDOWS\WinSxS\amd64_microsoft.windows.common-controls_6595b64144ccf1df_6.0.26100.3037_none_3e09262ce333c378;C:\Program Files\Java\jdk-23\bin\server

VM Arguments:
jvm_args: -Dfile.encoding=UTF-8 -Dstdout.encoding=UTF-8 -Dstderr.encoding=UTF-8 --module-path=C:\Users\minam\Documents\workspace-spring-tool-suite-4-4.27.0.RELEASE\conta\bin -XX:+ShowCodeDetailsInExceptionMessages -Djdk.module.main=conta 
java_command: conta/conta.Menu
java_class_path (initial): <not set>
Launcher Type: SUN_STANDARD

[Global flags]
     intx CICompilerCount                          = 4                                         {product} {ergonomic}
     uint ConcGCThreads                            = 3                                         {product} {ergonomic}
     uint G1ConcRefinementThreads                  = 10                                        {product} {ergonomic}
   size_t G1HeapRegionSize                         = 2097152                                   {product} {ergonomic}
   size_t InitialHeapSize                          = 260046848                                 {product} {ergonomic}
   size_t MarkStackSize                            = 4194304                                   {product} {ergonomic}
   size_t MarkStackSizeMax                         = 536870912                                 {product} {ergonomic}
   size_t MaxHeapSize                              = 4137680896                                {product} {ergonomic}
   size_t MinHeapDeltaBytes                        = 2097152                                   {product} {ergonomic}
   size_t MinHeapSize                              = 8388608                                   {product} {ergonomic}
    uintx NonNMethodCodeHeapSize                   = 5832704                                {pd product} {ergonomic}
    uintx NonProfiledCodeHeapSize                  = 122945536                              {pd product} {ergonomic}
    uintx ProfiledCodeHeapSize                     = 122880000                              {pd product} {ergonomic}
    uintx ReservedCodeCacheSize                    = 251658240                              {pd product} {ergonomic}
     bool SegmentedCodeCache                       = true                                      {product} {ergonomic}
     bool ShowCodeDetailsInExceptionMessages       = true                                   {manageable} {command line}
   size_t SoftMaxHeapSize                          = 4137680896                             {manageable} {ergonomic}
     bool UseCompressedOops                        = true                           {product lp64_product} {ergonomic}
     bool UseG1GC                                  = true                                      {product} {ergonomic}
     bool UseLargePagesIndividualAllocation        = false                                  {pd product} {ergonomic}

Logging:
Log output configuration:
 #0: stdout all=warning uptime,level,tags foldmultilines=false
 #1: stderr all=off uptime,level,tags foldmultilines=false

Environment Variables:
JAVA_HOME=C:\Program Files\Java\jdk-23
PATH=C:/Users/minam/Downloads/spring-tool-suite-4-4.27.0.RELEASE-e4.34.0-win32.win32.x86_64/sts-4.27.0.RELEASE//plugins/org.eclipse.justj.openjdk.hotspot.jre.full.win32.x86_64_21.0.5.v20241023-1957/jre/bin/server;C:/Users/minam/Downloads/spring-tool-suite-4-4.27.0.RELEASE-e4.34.0-win32.win32.x86_64/sts-4.27.0.RELEASE//plugins/org.eclipse.justj.openjdk.hotspot.jre.full.win32.x86_64_21.0.5.v20241023-1957/jre/bin;C:\Program Files (x86)\VMware\VMware Workstation\bin\;C:\Program Files (x86)\Common Files\Intel\Shared Libraries\redist\intel64\compiler;C:\WINDOWS\system32;C:\WINDOWS;C:\WINDOWS\System32\Wbem;C:\WINDOWS\System32\WindowsPowerShell\v1.0\;C:\WINDOWS\System32\OpenSSH\;C:\Program Files\Git\cmd;C:\Program Files\Java\jdk-23;C:\Program Files\Common Files\Oracle\Java\javapath;C:\Program Files\nodejs\;C:\ProgramData\UNIVALI\Portugol Studio;C:\Users\minam\AppData\Local\Programs\Python\Python312\Scripts\;C:\Users\minam\AppData\Local\Programs\Python\Python312\;C:\Users\minam\AppData\Local\Programs\Python\Launcher\;C:\Users\minam\AppData\Local\Microsoft\WindowsApps;;C:\Users\minam\AppData\Local\Programs\Microsoft VS Code\bin;C:\Users\minam\AppData\Roaming\npm;C:\Users\minam\Downloads\spring-tool-suite-4-4.27.0.RELEASE-e4.34.0-win32.win32.x86_64\sts-4.27.0.RELEASE;
USERNAME=minam
OS=Windows_NT
PROCESSOR_IDENTIFIER=AMD64 Family 23 Model 96 Stepping 1, AuthenticAMD
TMP=C:\Users\minam\AppData\Local\Temp
TEMP=C:\Users\minam\AppData\Local\Temp




Periodic native trim disabled

---------------  S Y S T E M  ---------------

OS:
 Windows 11 , 64 bit Build 26100 (10.0.26100.3037)
OS uptime: 6 days 15:34 hours
Hyper-V role detected

CPU: total 12 (initial active 12) (12 cores per cpu, 2 threads per core) family 23 model 96 stepping 1 microcode 0x8600106, cx8, cmov, fxsr, ht, mmx, 3dnowpref, sse, sse2, sse3, ssse3, sse4a, sse4.1, sse4.2, popcnt, lzcnt, tsc, tscinvbit, avx, avx2, aes, clmul, bmi1, bmi2, adx, sha, fma, vzeroupper, clflush, clflushopt, hv, rdtscp, rdpid, f16c
Processor Information for the first 12 processors :
  Max Mhz: 3700, Current Mhz: 3700, Mhz Limit: 3700

Memory: 4k page, system-wide physical 15779M (2233M free)
TotalPageFile size 64931M (AvailPageFile size 7M)
current process WorkingSet (physical memory assigned to process): 13M, peak: 13M
current process commit charge ("private bytes"): 64M, peak: 312M

vm_info: Java HotSpot(TM) 64-Bit Server VM (23.0.1+11-39) for windows-amd64 JRE (23.0.1+11-39), built on 2024-09-30T07:20:43Z with MS VC++ 17.6 (VS2022)

END.
